C:\USERS\HP\DOCUMENTS\VISUAL STUDIO 2010\PROJECTS\IIA_TP2\DEBUG\IIA_TP2.EXE
C:\USERS\HP\DOCUMENTS\VISUAL STUDIO 2010\PROJECTS\IIA_TP2\DEBUG\IIA_TP2.ILK
C:\USERS\HP\DOCUMENTS\VISUAL STUDIO 2010\PROJECTS\IIA_TP2\DEBUG\IIA_TP2.PDB
C:\USERS\HP\DOCUMENTS\VISUAL STUDIO 2010\PROJECTS\IIA_TP2\IIA_TP2\DEBUG\ALGORITMO.OBJ
C:\Users\hp\documents\visual studio 2010\Projects\IIA_TP2\IIA_TP2\Debug\cl.command.1.tlog
C:\Users\hp\documents\visual studio 2010\Projects\IIA_TP2\IIA_TP2\Debug\CL.read.1.tlog
C:\Users\hp\documents\visual studio 2010\Projects\IIA_TP2\IIA_TP2\Debug\CL.write.1.tlog
C:\USERS\HP\DOCUMENTS\VISUAL STUDIO 2010\PROJECTS\IIA_TP2\IIA_TP2\DEBUG\FUNCAO.OBJ
C:\USERS\HP\DOCUMENTS\VISUAL STUDIO 2010\PROJECTS\IIA_TP2\IIA_TP2\DEBUG\IIA_TP2.EXE.EMBED.MANIFEST
C:\USERS\HP\DOCUMENTS\VISUAL STUDIO 2010\PROJECTS\IIA_TP2\IIA_TP2\DEBUG\IIA_TP2.EXE.EMBED.MANIFEST.RES
C:\USERS\HP\DOCUMENTS\VISUAL STUDIO 2010\PROJECTS\IIA_TP2\IIA_TP2\DEBUG\IIA_TP2.EXE.INTERMEDIATE.MANIFEST
C:\Users\hp\documents\visual studio 2010\Projects\IIA_TP2\IIA_TP2\Debug\IIA_TP2_manifest.rc
C:\Users\hp\documents\visual studio 2010\Projects\IIA_TP2\IIA_TP2\Debug\link.1476.read.1.tlog
C:\Users\hp\documents\visual studio 2010\Projects\IIA_TP2\IIA_TP2\Debug\link.1476.write.1.tlog
C:\Users\hp\documents\visual studio 2010\Projects\IIA_TP2\IIA_TP2\Debug\link.1476-cvtres.read.1.tlog
C:\Users\hp\documents\visual studio 2010\Projects\IIA_TP2\IIA_TP2\Debug\link.1476-cvtres.write.1.tlog
C:\Users\hp\documents\visual studio 2010\Projects\IIA_TP2\IIA_TP2\Debug\link.340.read.1.tlog
C:\Users\hp\documents\visual studio 2010\Projects\IIA_TP2\IIA_TP2\Debug\link.340.write.1.tlog
C:\Users\hp\documents\visual studio 2010\Projects\IIA_TP2\IIA_TP2\Debug\link.340-cvtres.read.1.tlog
C:\Users\hp\documents\visual studio 2010\Projects\IIA_TP2\IIA_TP2\Debug\link.340-cvtres.write.1.tlog
C:\Users\hp\documents\visual studio 2010\Projects\IIA_TP2\IIA_TP2\Debug\link.command.1.tlog
C:\Users\hp\documents\visual studio 2010\Projects\IIA_TP2\IIA_TP2\Debug\link.read.1.tlog
C:\Users\hp\documents\visual studio 2010\Projects\IIA_TP2\IIA_TP2\Debug\link.write.1.tlog
C:\Users\hp\documents\visual studio 2010\Projects\IIA_TP2\IIA_TP2\Debug\link-cvtres.read.1.tlog
C:\Users\hp\documents\visual studio 2010\Projects\IIA_TP2\IIA_TP2\Debug\link-cvtres.write.1.tlog
C:\USERS\HP\DOCUMENTS\VISUAL STUDIO 2010\PROJECTS\IIA_TP2\IIA_TP2\DEBUG\MAIN.OBJ
C:\Users\hp\documents\visual studio 2010\Projects\IIA_TP2\IIA_TP2\Debug\mt.command.1.tlog
C:\Users\hp\documents\visual studio 2010\Projects\IIA_TP2\IIA_TP2\Debug\mt.read.1.tlog
C:\Users\hp\documents\visual studio 2010\Projects\IIA_TP2\IIA_TP2\Debug\mt.write.1.tlog
C:\Users\hp\documents\visual studio 2010\Projects\IIA_TP2\IIA_TP2\Debug\rc.command.1.tlog
C:\Users\hp\documents\visual studio 2010\Projects\IIA_TP2\IIA_TP2\Debug\rc.read.1.tlog
C:\Users\hp\documents\visual studio 2010\Projects\IIA_TP2\IIA_TP2\Debug\rc.write.1.tlog
C:\USERS\HP\DOCUMENTS\VISUAL STUDIO 2010\PROJECTS\IIA_TP2\IIA_TP2\DEBUG\UTILS.OBJ
C:\Users\hp\documents\visual studio 2010\Projects\IIA_TP2\IIA_TP2\Debug\vc100.idb
C:\USERS\HP\DOCUMENTS\VISUAL STUDIO 2010\PROJECTS\IIA_TP2\IIA_TP2\DEBUG\VC100.PDB
