Build started 04-01-2013 23:13:15.
     1>Project "C:\Users\hp\documents\visual studio 2010\Projects\IIA_TP2\IIA_TP2\IIA_TP2.vcxproj" on node 2 (build target(s)).
     1>InitializeBuildStatus:
         Creating "Debug\IIA_TP2.unsuccessfulbuild" because "AlwaysCreate" was specified.
       ClCompile:
         C:\Program Files\Microsoft Visual Studio 10.0\VC\bin\CL.exe /c /ZI /nologo /W3 /WX- /Od /Oy- /D WIN32 /D _DEBUG /D _CONSOLE /D _UNICODE /D UNICODE /Gm /EHsc /RTC1 /MDd /GS /fp:precise /Zc:wchar_t /Zc:forScope /Fo"Debug\\" /Fd"Debug\vc100.pdb" /Gd /TC /analyze- /errorReport:prompt main.c
         main.c
       ManifestResourceCompile:
         All outputs are up-to-date.
       Link:
         C:\Program Files\Microsoft Visual Studio 10.0\VC\bin\link.exe /ERRORREPORT:PROMPT /OUT:"C:\Users\hp\documents\visual studio 2010\Projects\IIA_TP2\Debug\IIA_TP2.exe" /INCREMENTAL /NOLOGO kernel32.lib user32.lib gdi32.lib winspool.lib comdlg32.lib advapi32.lib shell32.lib ole32.lib oleaut32.lib uuid.lib odbc32.lib odbccp32.lib /MANIFEST /ManifestFile:"Debug\IIA_TP2.exe.intermediate.manifest" /MANIFESTUAC:"level='asInvoker' uiAccess='false'" /DEBUG /PDB:"C:\Users\hp\documents\visual studio 2010\Projects\IIA_TP2\Debug\IIA_TP2.pdb" /SUBSYSTEM:CONSOLE /TLBID:1 /DYNAMICBASE /NXCOMPAT /IMPLIB:"C:\Users\hp\documents\visual studio 2010\Projects\IIA_TP2\Debug\IIA_TP2.lib" /MACHINE:X86 Debug\IIA_TP2.exe.embed.manifest.res
         Debug\algoritmo.obj
         Debug\funcao.obj
         Debug\main.obj
         Debug\utils.obj
       Manifest:
         C:\Program Files\Microsoft SDKs\Windows\v7.0A\bin\mt.exe /nologo /verbose /out:"Debug\IIA_TP2.exe.embed.manifest" /manifest Debug\IIA_TP2.exe.intermediate.manifest
         All outputs are up-to-date.
       LinkEmbedManifest:
         All outputs are up-to-date.
         IIA_TP2.vcxproj -> C:\Users\hp\documents\visual studio 2010\Projects\IIA_TP2\Debug\IIA_TP2.exe
       FinalizeBuildStatus:
         Deleting file "Debug\IIA_TP2.unsuccessfulbuild".
         Touching "Debug\IIA_TP2.lastbuildstate".
     1>Done Building Project "C:\Users\hp\documents\visual studio 2010\Projects\IIA_TP2\IIA_TP2\IIA_TP2.vcxproj" (build target(s)).

Build succeeded.

Time Elapsed 00:00:01.03
